c:\3dprogramok\opengl\programs\skeleton\skeleton\debug\vc100.pdb
d:\graf\opengl\programs\skeleton\skeleton\debug\vc120.pdb
d:\graf\opengl\programs\skeleton\skeleton\debug\vc120.idb
d:\graf\opengl\programs\skeleton\skeleton\debug\skeleton.obj
c:\3dprogramok\opengl\programs\skeleton\skeleton\debug\vc140.pdb
c:\3dprogramok\opengl\programs\skeleton\skeleton\debug\vc140.idb
c:\3dprogramok\opengl\programs\skeleton\skeleton\debug\skeleton.obj
d:\graf\opengl\programs\skeleton\bin\skeleton.ilk
d:\graf\opengl\programs\skeleton\bin\skeleton.exe
d:\graf\opengl\programs\skeleton\bin\skeleton.pdb
c:\3dprogramok\opengl\programs\skeleton\bin\skeleton.ilk
c:\3dprogramok\opengl\programs\skeleton\bin\skeleton.exe
c:\3dprogramok\opengl\programs\skeleton\bin\skeleton.pdb
c:\3dprogramok\opengl\programs\skeleton\skeleton\debug\skeleton.vcxprojresolveassemblyreference.cache
c:\3dprogramok\opengl\programs\skeleton\skeleton\debug\cl.command.1.tlog
c:\3dprogramok\opengl\programs\skeleton\skeleton\debug\cl.read.1.tlog
c:\3dprogramok\opengl\programs\skeleton\skeleton\debug\cl.write.1.tlog
c:\3dprogramok\opengl\programs\skeleton\skeleton\debug\skeleton.write.1.tlog
c:\3dprogramok\opengl\programs\skeleton\skeleton\debug\vc100.idb
c:\3dprogramok\opengl\programs\skeleton\skeleton\debug\skeleton.tlog\cl.command.1.tlog
c:\3dprogramok\opengl\programs\skeleton\skeleton\debug\skeleton.tlog\cl.read.1.tlog
c:\3dprogramok\opengl\programs\skeleton\skeleton\debug\skeleton.tlog\cl.write.1.tlog
c:\3dprogramok\opengl\programs\skeleton\skeleton\debug\skeleton.tlog\link.command.1.tlog
c:\3dprogramok\opengl\programs\skeleton\skeleton\debug\skeleton.tlog\link.read.1.tlog
c:\3dprogramok\opengl\programs\skeleton\skeleton\debug\skeleton.tlog\link.write.1.tlog
